<?xml version="1.0" encoding="UTF-8"?>
<coverage generated="1747490418778" clover="3.2.0">
  <project timestamp="1747490418778" name="All files">
    <metrics statements="16" coveredstatements="7" conditionals="4" coveredconditionals="0" methods="9" coveredmethods="6" elements="29" coveredelements="13" complexity="0" loc="16" ncloc="16" packages="1" files="2" classes="2"/>
    <file name="_layout.tsx" path="/Users/scodesiii/Documents/leanfuel/app/_layout.tsx">
      <metrics statements="9" coveredstatements="0" conditionals="4" coveredconditionals="0" methods="3" coveredmethods="0"/>
      <line num="10" count="0" type="stmt"/>
      <line num="13" count="0" type="stmt"/>
      <line num="17" count="0" type="stmt"/>
      <line num="18" count="0" type="cond" truecount="0" falsecount="2"/>
      <line num="19" count="0" type="stmt"/>
      <line num="23" count="0" type="cond" truecount="0" falsecount="2"/>
      <line num="24" count="0" type="stmt"/>
      <line num="27" count="0" type="stmt"/>
      <line num="37" count="0" type="stmt"/>
    </file>
    <file name="index.tsx" path="/Users/scodesiii/Documents/leanfuel/app/index.tsx">
      <metrics statements="7" coveredstatements="7" conditionals="0" coveredconditionals="0" methods="6" coveredmethods="6"/>
      <line num="11" count="7" type="stmt"/>
      <line num="14" count="24" type="stmt"/>
      <line num="15" count="24" type="stmt"/>
      <line num="16" count="24" type="stmt"/>
      <line num="22" count="7" type="stmt"/>
      <line num="23" count="7" type="stmt"/>
      <line num="27" count="7" type="stmt"/>
    </file>
  </project>
</coverage>
