{"/Users/scodesiii/Documents/leanfuel/app/_layout.tsx": {"path":"/Users/scodesiii/Documents/leanfuel/app/_layout.tsx","statementMap":{"0":{"start":{"line":10,"column":0},"end":{"line":10,"column":36}},"1":{"start":{"line":13,"column":19},"end":{"line":15,"column":4}},"2":{"start":{"line":17,"column":2},"end":{"line":21,"column":15}},"3":{"start":{"line":18,"column":4},"end":{"line":20,"column":5}},"4":{"start":{"line":19,"column":6},"end":{"line":19,"column":31}},"5":{"start":{"line":23,"column":2},"end":{"line":25,"column":3}},"6":{"start":{"line":24,"column":4},"end":{"line":24,"column":16}},"7":{"start":{"line":27,"column":2},"end":{"line":33,"column":4}},"8":{"start":{"line":37,"column":2},"end":{"line":41,"column":4}}},"fnMap":{"0":{"name":"RootLayout","decl":{"start":{"line":12,"column":24},"end":{"line":12,"column":34}},"loc":{"start":{"line":12,"column":37},"end":{"line":34,"column":1}},"line":12},"1":{"name":"(anonymous_1)","decl":{"start":{"line":17,"column":12},"end":{"line":17,"column":13}},"loc":{"start":{"line":17,"column":18},"end":{"line":21,"column":3}},"line":17},"2":{"name":"ErrorBoundary","decl":{"start":{"line":36,"column":16},"end":{"line":36,"column":29}},"loc":{"start":{"line":36,"column":55},"end":{"line":42,"column":1}},"line":36}},"branchMap":{"0":{"loc":{"start":{"line":18,"column":4},"end":{"line":20,"column":5}},"type":"if","locations":[{"start":{"line":18,"column":4},"end":{"line":20,"column":5}},{"start":{},"end":{}}],"line":18},"1":{"loc":{"start":{"line":23,"column":2},"end":{"line":25,"column":3}},"type":"if","locations":[{"start":{"line":23,"column":2},"end":{"line":25,"column":3}},{"start":{},"end":{}}],"line":23}},"s":{"0":0,"1":0,"2":0,"3":0,"4":0,"5":0,"6":0,"7":0,"8":0},"f":{"0":0,"1":0,"2":0},"b":{"0":[0,0],"1":[0,0]}}
,"/Users/scodesiii/Documents/leanfuel/app/index.tsx": {"path":"/Users/scodesiii/Documents/leanfuel/app/index.tsx","statementMap":{"0":{"start":{"line":11,"column":17},"end":{"line":11,"column":28}},"1":{"start":{"line":14,"column":16},"end":{"line":14,"column":53}},"2":{"start":{"line":14,"column":41},"end":{"line":14,"column":52}},"3":{"start":{"line":15,"column":20},"end":{"line":15,"column":61}},"4":{"start":{"line":15,"column":45},"end":{"line":15,"column":60}},"5":{"start":{"line":16,"column":20},"end":{"line":16,"column":61}},"6":{"start":{"line":16,"column":45},"end":{"line":16,"column":60}},"7":{"start":{"line":22,"column":26},"end":{"line":22,"column":43}},"8":{"start":{"line":22,"column":32},"end":{"line":22,"column":43}},"9":{"start":{"line":23,"column":26},"end":{"line":23,"column":43}},"10":{"start":{"line":23,"column":32},"end":{"line":23,"column":43}},"11":{"start":{"line":27,"column":2},"end":{"line":59,"column":4}}},"fnMap":{"0":{"name":"Home","decl":{"start":{"line":10,"column":24},"end":{"line":10,"column":28}},"loc":{"start":{"line":10,"column":31},"end":{"line":60,"column":1}},"line":10},"1":{"name":"(anonymous_1)","decl":{"start":{"line":14,"column":32},"end":{"line":14,"column":33}},"loc":{"start":{"line":14,"column":41},"end":{"line":14,"column":52}},"line":14},"2":{"name":"(anonymous_2)","decl":{"start":{"line":15,"column":36},"end":{"line":15,"column":37}},"loc":{"start":{"line":15,"column":45},"end":{"line":15,"column":60}},"line":15},"3":{"name":"(anonymous_3)","decl":{"start":{"line":16,"column":36},"end":{"line":16,"column":37}},"loc":{"start":{"line":16,"column":45},"end":{"line":16,"column":60}},"line":16},"4":{"name":"(anonymous_4)","decl":{"start":{"line":22,"column":26},"end":{"line":22,"column":27}},"loc":{"start":{"line":22,"column":32},"end":{"line":22,"column":43}},"line":22},"5":{"name":"(anonymous_5)","decl":{"start":{"line":23,"column":26},"end":{"line":23,"column":27}},"loc":{"start":{"line":23,"column":32},"end":{"line":23,"column":43}},"line":23}},"branchMap":{},"s":{"0":7,"1":7,"2":24,"3":7,"4":24,"5":7,"6":24,"7":7,"8":2,"9":7,"10":1,"11":7},"f":{"0":7,"1":24,"2":24,"3":24,"4":2,"5":1},"b":{},"_coverageSchema":"1a1c01bbd47fc00a2c39e90264f33305004495a9","hash":"7149c88fde7ddddfcccb565d3d540cd81d7875ee"}
}
