TN:
SF:app/_layout.tsx
FN:12,RootLayout
FN:17,(anonymous_1)
FN:36,ErrorBoundary
FNF:3
FNH:0
FNDA:0,RootLayout
FNDA:0,(anonymous_1)
FNDA:0,ErrorBoundary
DA:10,0
DA:13,0
DA:17,0
DA:18,0
DA:19,0
DA:23,0
DA:24,0
DA:27,0
DA:37,0
LF:9
LH:0
BRDA:18,0,0,0
BRDA:18,0,1,0
BRDA:23,1,0,0
BRDA:23,1,1,0
BRF:4
BRH:0
end_of_record
TN:
SF:app/index.tsx
FN:10,Home
FN:14,(anonymous_1)
FN:15,(anonymous_2)
FN:16,(anonymous_3)
FN:22,(anonymous_4)
FN:23,(anonymous_5)
FNF:6
FNH:6
FNDA:7,Home
FNDA:24,(anonymous_1)
FNDA:24,(anonymous_2)
FNDA:24,(anonymous_3)
FNDA:2,(anonymous_4)
FNDA:1,(anonymous_5)
DA:11,7
DA:14,24
DA:15,24
DA:16,24
DA:22,7
DA:23,7
DA:27,7
LF:7
LH:7
BRF:0
BRH:0
end_of_record
